#
# A fatal error has been detected by the Java Runtime Environment:
#
#  EXCEPTION_ACCESS_VIOLATION (0xc0000005) at pc=0x0000000062ed8b35, pid=8852, tid=8912
#
# JRE version: Java(TM) SE Runtime Environment (8.0_66-b18) (build 1.8.0_66-b18)
# Java VM: Java HotSpot(TM) 64-Bit Server VM (25.66-b18 mixed mode windows-amd64 compressed oops)
# Problematic frame:
# V  [jvm.dll+0x128b35]
#
# Failed to write core dump. Minidumps are not enabled by default on client versions of Windows
#
# If you would like to submit a bug report, please visit:
#   http://bugreport.java.com/bugreport/crash.jsp
#

---------------  T H R E A D  ---------------

Current thread (0x0000000016fa5800):  JavaThread "JDWP Transport Listener: dt_socket" daemon [_thread_in_vm, id=8912, stack(0x00000000188f0000,0x00000000189f0000)]

siginfo: ExceptionCode=0xc0000005, reading address 0xffffffffffffffff

Registers:
RAX=0x00000000189ef601, RBX=0x0000000016fa5800, RCX=0x6a624f656c626973, RDX=0x0000000000000000
RSP=0x00000000189ef640, RBP=0x6a624f656c626973, RSI=0x00000000189ef758, RDI=0x00000000023a8870
R8 =0x0000000016fa5800, R9 =0x0000000000000000, R10=0x0000000000000000, R11=0x0000000000000064
R12=0x0000000000000000, R13=0x0000000016fadba8, R14=0x0000000000000000, R15=0x0000000000000000
RIP=0x0000000062ed8b35, EFLAGS=0x0000000000010202

Top of Stack: (sp=0x00000000189ef640)
0x00000000189ef640:   0000000016fa5800 0000000016fa5800
0x00000000189ef650:   00000000189ef708 00000000630de2eb
0x00000000189ef660:   0000000016fa5800 00000000630fab4d
0x00000000189ef670:   0000000000000000 00000000638f9155
0x00000000189ef680:   0000000016fc7600 000000006390291e
0x00000000189ef690:   0000000016fa5800 0000000000000000
0x00000000189ef6a0:   0000000000000000 0000000000000000
0x00000000189ef6b0:   6a624f656c626973 0000000063901a15
0x00000000189ef6c0:   00000000189ef758 00000000189ef730
0x00000000189ef6d0:   0000000000000001 0000000016fc7600
0x00000000189ef6e0:   6a624f656c626973 00000000638e53b3
0x00000000189ef6f0:   00000000189ef820 0000000000000001
0x00000000189ef700:   0000000000000001 0000000016fc7600
0x00000000189ef710:   00000000f000100a 0000000000000000
0x00000000189ef720:   0000000000000000 0000000000000000
0x00000000189ef730:   0000000000000001 00000000638e5571 

Instructions: (pc=0x0000000062ed8b35)
0x0000000062ed8b15:   cc cc cc cc cc cc cc cc cc cc cc 48 83 ec 28 48
0x0000000062ed8b25:   85 c9 75 07 33 c0 48 83 c4 28 c3 48 89 5c 24 20
0x0000000062ed8b35:   48 8b 19 48 85 db 74 20 48 83 fb 37 74 1a 48 8b
0x0000000062ed8b45:   13 48 8b cb ff 52 10 84 c0 74 0d 48 8b c3 48 8b 


Register to memory mapping:

RAX=0x00000000189ef601 is pointing into the stack for thread: 0x0000000016fa5800
RBX=0x0000000016fa5800 is a thread
RCX=0x6a624f656c626973 is an unknown value
RDX=0x0000000000000000 is an unknown value
RSP=0x00000000189ef640 is pointing into the stack for thread: 0x0000000016fa5800
RBP=0x6a624f656c626973 is an unknown value
RSI=0x00000000189ef758 is pointing into the stack for thread: 0x0000000016fa5800
RDI=0x00000000023a8870 is an unknown value
R8 =0x0000000016fa5800 is a thread
R9 =0x0000000000000000 is an unknown value
R10=0x0000000000000000 is an unknown value
R11=0x0000000000000064 is an unknown value
R12=0x0000000000000000 is an unknown value
R13=0x0000000016fadba8 is an unknown value
R14=0x0000000000000000 is an unknown value
R15=0x0000000000000000 is an unknown value


Stack: [0x00000000188f0000,0x00000000189f0000],  sp=0x00000000189ef640,  free space=1021k
Native frames: (J=compiled Java code, j=interpreted, Vv=VM code, C=native code)
V  [jvm.dll+0x128b35]
V  [jvm.dll+0x34ab4d]
C  [jdwp.dll+0x21a15]
C  [jdwp.dll+0x53b3]
C  [jdwp.dll+0x5571]
C  [jdwp.dll+0xf0a8]
C  [jdwp.dll+0x1f2d5]
C  [jdwp.dll+0x1f4aa]
V  [jvm.dll+0x1bba28]
V  [jvm.dll+0x243274]
V  [jvm.dll+0x29a0fa]
C  [msvcr100.dll+0x21d9f]
C  [msvcr100.dll+0x21e3b]
C  [KERNEL32.DLL+0x12d92]
C  [ntdll.dll+0x9f64]


---------------  P R O C E S S  ---------------

Java Threads: ( => current thread )
  0x000000001837f000 JavaThread "Service Thread" daemon [_thread_blocked, id=7304, stack(0x0000000018ef0000,0x0000000018ff0000)]
  0x0000000018377000 JavaThread "C1 CompilerThread2" daemon [_thread_blocked, id=5504, stack(0x0000000018df0000,0x0000000018ef0000)]
  0x0000000016fde000 JavaThread "C2 CompilerThread1" daemon [_thread_blocked, id=3788, stack(0x0000000018cf0000,0x0000000018df0000)]
  0x0000000016fc4000 JavaThread "C2 CompilerThread0" daemon [_thread_blocked, id=7508, stack(0x0000000018bf0000,0x0000000018cf0000)]
  0x0000000016fb4000 JavaThread "JDWP Command Reader" daemon [_thread_in_native, id=7184, stack(0x0000000018af0000,0x0000000018bf0000)]
  0x0000000016fb2800 JavaThread "JDWP Event Helper Thread" daemon [_thread_blocked, id=7660, stack(0x00000000189f0000,0x0000000018af0000)]
=>0x0000000016fa5800 JavaThread "JDWP Transport Listener: dt_socket" daemon [_thread_in_vm, id=8912, stack(0x00000000188f0000,0x00000000189f0000)]
  0x0000000016f9b800 JavaThread "Attach Listener" daemon [_thread_blocked, id=5560, stack(0x00000000187f0000,0x00000000188f0000)]
  0x0000000018333800 JavaThread "Signal Dispatcher" daemon [_thread_blocked, id=8412, stack(0x00000000186f0000,0x00000000187f0000)]
  0x00000000024aa800 JavaThread "Finalizer" daemon [_thread_blocked, id=2012, stack(0x00000000181f0000,0x00000000182f0000)]
  0x00000000024a1000 JavaThread "Reference Handler" daemon [_thread_blocked, id=468, stack(0x00000000180f0000,0x00000000181f0000)]
  0x00000000023b4000 JavaThread "main" [_thread_blocked, id=7836, stack(0x0000000002290000,0x0000000002390000)]

Other Threads:
  0x0000000016f48000 VMThread [stack: 0x0000000017ff0000,0x00000000180f0000] [id=8848]
  0x00000000183f2000 WatcherThread [stack: 0x0000000018ff0000,0x00000000190f0000] [id=7356]

VM state:not at safepoint (normal execution)

VM Mutex/Monitor currently owned by a thread: None

Heap:
 PSYoungGen      total 37888K, used 4587K [0x00000000d6100000, 0x00000000d8b00000, 0x0000000100000000)
  eden space 32768K, 14% used [0x00000000d6100000,0x00000000d657af50,0x00000000d8100000)
  from space 5120K, 0% used [0x00000000d8600000,0x00000000d8600000,0x00000000d8b00000)
  to   space 5120K, 0% used [0x00000000d8100000,0x00000000d8100000,0x00000000d8600000)
 ParOldGen       total 86016K, used 0K [0x0000000082200000, 0x0000000087600000, 0x00000000d6100000)
  object space 86016K, 0% used [0x0000000082200000,0x0000000082200000,0x0000000087600000)
 Metaspace       used 3874K, capacity 4696K, committed 4864K, reserved 1056768K
  class space    used 445K, capacity 503K, committed 512K, reserved 1048576K

Card table byte_map: [0x0000000011870000,0x0000000011c60000] byte_map_base: 0x000000001145f000

Marking Bits: (ParMarkBitMap*) 0x00000000635ba5b0
 Begin Bits: [0x0000000012300000, 0x0000000014278000)
 End Bits:   [0x0000000014278000, 0x00000000161f0000)

Polling page: 0x0000000000710000

CodeCache: size=245760Kb used=1511Kb max_used=1511Kb free=244248Kb
 bounds [0x00000000024b0000, 0x0000000002720000, 0x00000000114b0000]
 total_blobs=488 nmethods=237 adapters=172
 compilation: enabled

Compilation events (10 events):
Event: 328.058 Thread 0x0000000018377000  233       3       java.io.BufferedWriter::ensureOpen (18 bytes)
Event: 328.058 Thread 0x0000000018377000 nmethod 233 0x00000000026229d0 code [0x0000000002622b40, 0x0000000002622da8]
Event: 328.058 Thread 0x0000000018377000  235       3       java.io.PrintStream::ensureOpen (18 bytes)
Event: 328.058 Thread 0x0000000018377000 nmethod 235 0x0000000002622ed0 code [0x0000000002623040, 0x00000000026232a8]
Event: 328.058 Thread 0x0000000018377000  234       1       sun.nio.cs.StreamEncoder::isOpen (5 bytes)
Event: 328.058 Thread 0x0000000018377000 nmethod 234 0x00000000026233d0 code [0x0000000002623520, 0x0000000002623630]
Event: 330.089 Thread 0x0000000018377000  236       3       sun.nio.cs.UTF_8$Encoder::encodeArrayLoop (489 bytes)
Event: 330.093 Thread 0x0000000018377000 nmethod 236 0x0000000002623690 code [0x0000000002623c60, 0x0000000002627168]
Event: 330.093 Thread 0x0000000018377000  237       3       java.io.BufferedOutputStream::flushBuffer (29 bytes)
Event: 330.093 Thread 0x0000000018377000 nmethod 237 0x0000000002629c10 code [0x0000000002629d80, 0x000000000262a008]

GC Heap History (0 events):
No events

Deoptimization events (0 events):
No events

Internal exceptions (4 events):
Event: 0.030 Thread 0x00000000023b4000 Exception <a 'java/lang/NoSuchMethodError': Method sun.misc.Unsafe.defineClass(Ljava/lang/String;[BII)Ljava/lang/Class; name or signature does not match> (0x00000000d6113060) thrown at [C:\re\workspace\8-2-build-windows-amd64-cygwin\jdk8u66\5298\hotspot\srì1ê‹@ü?
Event: 0.031 Thread 0x00000000023b4000 Exception <a 'java/lang/NoSuchMethodError': Method sun.misc.Unsafe.prefetchRead(Ljava/lang/Object;J)V name or signature does not match> (0x00000000d6113348) thrown at [C:\re\workspace\8-2-build-windows-amd64-cygwin\jdk8u66\5298\hotspot\src\share\vm\prims\jÔ{Z2≤”À?
Event: 0.217 Thread 0x00000000023b4000 Exception <a 'java/lang/NoSuchFieldError': method resolution failed> (0x00000000d649d6e8) thrown at [C:\re\workspace\8-2-build-windows-amd64-cygwin\jdk8u66\5298\hotspot\src\share\vm\prims\methodHandles.cpp, line 1146]
Event: 0.222 Thread 0x00000000023b4000 Exception <a 'java/lang/NoSuchFieldError': method resolution failed> (0x00000000d64aaae8) thrown at [C:\re\workspace\8-2-build-windows-amd64-cygwin\jdk8u66\5298\hotspot\src\share\vm\prims\methodHandles.cpp, line 1146]

Events (10 events):
Event: 0.245 loading class java/util/stream/ReduceOps$Box done
Event: 0.245 loading class java/util/stream/ReduceOps$3ReducingSink done
Event: 0.245 loading class java/util/stream/ReferencePipeline$3$1
Event: 0.245 loading class java/util/stream/Sink$ChainedReference
Event: 0.245 loading class java/util/stream/Sink$ChainedReference done
Event: 0.245 loading class java/util/stream/ReferencePipeline$3$1 done
Event: 4.195 Executing VM operation: EnableBiasedLocking
Event: 4.195 Executing VM operation: EnableBiasedLocking done
Event: 458.345 Executing VM operation: RedefineClasses
Event: 458.346 Executing VM operation: RedefineClasses done


Dynamic libraries:
0x00007ff7d7140000 - 0x00007ff7d7177000 	C:\Program Files\Java\jre1.8.0_66\bin\javaw.exe
0x00007ff9ab8b0000 - 0x00007ff9aba72000 	C:\Windows\SYSTEM32\ntdll.dll
0x00007ff9a9b20000 - 0x00007ff9a9bcd000 	C:\Windows\system32\KERNEL32.DLL
0x00007ff9a8b70000 - 0x00007ff9a8d4d000 	C:\Windows\system32\KERNELBASE.dll
0x00007ff9a6a30000 - 0x00007ff9a6aa8000 	C:\Windows\system32\apphelp.dll
0x00007ff9a9d80000 - 0x00007ff9a9e26000 	C:\Windows\system32\ADVAPI32.dll
0x00007ff9a91f0000 - 0x00007ff9a928d000 	C:\Windows\system32\msvcrt.dll
0x00007ff9a97c0000 - 0x00007ff9a981b000 	C:\Windows\system32\sechost.dll
0x00007ff9a9830000 - 0x00007ff9a9956000 	C:\Windows\system32\RPCRT4.dll
0x00007ff9a9350000 - 0x00007ff9a949e000 	C:\Windows\system32\USER32.dll
0x00007ff9a9970000 - 0x00007ff9a9af5000 	C:\Windows\system32\GDI32.dll
0x00007ff99b6b0000 - 0x00007ff99b924000 	C:\Windows\WinSxS\amd64_microsoft.windows.common-controls_6595b64144ccf1df_6.0.10240.16384_none_f41f7b285750ef43\COMCTL32.dll
0x00007ff9a9310000 - 0x00007ff9a9346000 	C:\Windows\system32\IMM32.DLL
0x00007ff9a9e30000 - 0x00007ff9a9f8c000 	C:\Windows\system32\MSCTF.dll
0x0000000063920000 - 0x00000000639f2000 	C:\Program Files\Java\jre1.8.0_66\bin\msvcr100.dll
0x0000000062db0000 - 0x0000000063639000 	C:\Program Files\Java\jre1.8.0_66\bin\server\jvm.dll
0x00007ff9a9300000 - 0x00007ff9a9308000 	C:\Windows\system32\PSAPI.DLL
0x00007ff9a10c0000 - 0x00007ff9a10c9000 	C:\Windows\SYSTEM32\WSOCK32.dll
0x00007ff9a9cb0000 - 0x00007ff9a9d19000 	C:\Windows\system32\WS2_32.dll
0x00007ff9a9820000 - 0x00007ff9a9828000 	C:\Windows\system32\NSI.dll
0x00007ff9a6460000 - 0x00007ff9a6483000 	C:\Windows\SYSTEM32\WINMM.dll
0x00007ff99cff0000 - 0x00007ff99cffa000 	C:\Windows\SYSTEM32\VERSION.dll
0x00007ff9a6400000 - 0x00007ff9a642c000 	C:\Windows\SYSTEM32\WINMMBASE.dll
0x00007ff9a8380000 - 0x00007ff9a83c4000 	C:\Windows\system32\cfgmgr32.dll
0x00007ff9a6c50000 - 0x00007ff9a6c77000 	C:\Windows\SYSTEM32\DEVOBJ.dll
0x0000000062da0000 - 0x0000000062daf000 	C:\Program Files\Java\jre1.8.0_66\bin\verify.dll
0x0000000062d70000 - 0x0000000062d99000 	C:\Program Files\Java\jre1.8.0_66\bin\java.dll
0x00000000638e0000 - 0x0000000063915000 	C:\Program Files\Java\jre1.8.0_66\bin\jdwp.dll
0x00000000638d0000 - 0x00000000638d8000 	C:\Program Files\Java\jre1.8.0_66\bin\npt.dll
0x0000000062d50000 - 0x0000000062d66000 	C:\Program Files\Java\jre1.8.0_66\bin\zip.dll
0x00007ff9a9ff0000 - 0x00007ff9ab513000 	C:\Windows\system32\SHELL32.dll
0x00007ff9a8540000 - 0x00007ff9a8b69000 	C:\Windows\system32\windows.storage.dll
0x00007ff9ab520000 - 0x00007ff9ab79c000 	C:\Windows\system32\combase.dll
0x00007ff9a9f90000 - 0x00007ff9a9fe1000 	C:\Windows\system32\shlwapi.dll
0x00007ff9a8370000 - 0x00007ff9a837f000 	C:\Windows\system32\kernel.appcore.dll
0x00007ff9a8480000 - 0x00007ff9a8533000 	C:\Windows\system32\shcore.dll
0x00007ff9a8300000 - 0x00007ff9a834a000 	C:\Windows\system32\powrprof.dll
0x00007ff9a82e0000 - 0x00007ff9a82f3000 	C:\Windows\system32\profapi.dll
0x00000000638c0000 - 0x00000000638c9000 	C:\Program Files\Java\jre1.8.0_66\bin\dt_socket.dll
0x00007ff99d340000 - 0x00007ff99d355000 	C:\Windows\system32\napinsp.dll
0x00007ff99d320000 - 0x00007ff99d33a000 	C:\Windows\system32\pnrpnsp.dll
0x00007ff9a2ed0000 - 0x00007ff9a2ee8000 	C:\Windows\system32\NLAapi.dll
0x00007ff9a7ae0000 - 0x00007ff9a7b3d000 	C:\Windows\System32\mswsock.dll
0x00007ff9a78f0000 - 0x00007ff9a7998000 	C:\Windows\SYSTEM32\DNSAPI.dll
0x00007ff99d360000 - 0x00007ff99d36d000 	C:\Windows\System32\winrnr.dll
0x00007ff99d390000 - 0x00007ff99d3a5000 	C:\Windows\system32\wshbth.dll
0x00007ff9a3f70000 - 0x00007ff9a3fd8000 	C:\Windows\System32\fwpuclnt.dll
0x00007ff9a8210000 - 0x00007ff9a8238000 	C:\Windows\SYSTEM32\bcrypt.dll
0x00007ff99e0c0000 - 0x00007ff99e0ca000 	C:\Windows\System32\rasadhlp.dll
0x00007ff9a2d40000 - 0x00007ff9a2eca000 	C:\Windows\SYSTEM32\dbghelp.dll

VM Arguments:
jvm_args: -agentlib:jdwp=transport=dt_socket,suspend=y,address=localhost:61203 -Dfile.encoding=UTF-8 
java_command: com.aps.monitor.comm.TT2
java_class_path (initial): D:\02Work\Eclipse\monitor\target\classes;D:\99Program\apache-tomcat-8\lib\annotations-api.jar;D:\99Program\apache-tomcat-8\lib\catalina-ant.jar;D:\99Program\apache-tomcat-8\lib\catalina-ha.jar;D:\99Program\apache-tomcat-8\lib\catalina-storeconfig.jar;D:\99Program\apache-tomcat-8\lib\catalina-tribes.jar;D:\99Program\apache-tomcat-8\lib\catalina.jar;D:\99Program\apache-tomcat-8\lib\ecj-4.4.2.jar;D:\99Program\apache-tomcat-8\lib\el-api.jar;D:\99Program\apache-tomcat-8\lib\jasper-el.jar;D:\99Program\apache-tomcat-8\lib\jasper.jar;D:\99Program\apache-tomcat-8\lib\jsp-api.jar;D:\99Program\apache-tomcat-8\lib\servlet-api.jar;D:\99Program\apache-tomcat-8\lib\tomcat-api.jar;D:\99Program\apache-tomcat-8\lib\tomcat-coyote.jar;D:\99Program\apache-tomcat-8\lib\tomcat-dbcp.jar;D:\99Program\apache-tomcat-8\lib\tomcat-i18n-es.jar;D:\99Program\apache-tomcat-8\lib\tomcat-i18n-fr.jar;D:\99Program\apache-tomcat-8\lib\tomcat-i18n-ja.jar;D:\99Program\apache-tomcat-8\lib\tomcat-jdbc.jar;D:\99Program\apache-tomcat-8\lib\tomcat-jni.jar;D:\99Program\apache-tomcat-8\lib\tomcat-util-scan.jar;D:\99Program\apache-tomcat-8\lib\tomcat-util.jar;D:\99Program\apache-tomcat-8\lib\tomcat-websocket.jar;D:\99Program\apache-tomcat-8\lib\websocket-api.jar;D:\99Program\apache-maven\repository\org\springframework\spring-context\4.2.2.RELEASE\spring-context-4.2.2.RELEASE.jar;D:\99Program\apache-maven\repository\org\springframework\spring-aop\4.2.2.RELEASE\spring-aop-4.2.2.RELEASE.jar;D:\99Program\apache-maven\repository\aopalliance\aopalliance\1.0\aopalliance-1.0.jar;D:\99Program\apache-maven\repository\org\springframework\spring-core\4.2.2.RELEASE\spring-core-4.2.2.RELEASE.jar;D:\99Program\apache-maven\repository\commons-logging\commons-logging\1.2\commons-logging-1.2.jar;D:\99Program\apache-maven\repository\org\springframework\spring-beans\4.2.2.RELEASE\spring-beans-4.2.2.RELEASE.jar;D:\99Program\apache-maven\repository\org\springframework\spring-webmvc\4.2.2.RELEASE\spring-webm
Launcher Type: SUN_STANDARD

Environment Variables:
JAVA_HOME=D:\99Program\Java\jdk1.8.0_65
CLASSPATH=D:\99Program\Java\jdk1.8.0_65\bin; D:\99Program\Java\jdk1.8.0_65\lib\dt.jar; D:\99Program\Java\jdk1.8.0_65\jre\lib\rt.jar;D:\99Program\apache-tomcat\lib\servlet-api.jar;D:\99Program\apache-tomcat\lib\jsp-api.jar;
PATH=C:/Program Files/Java/jre1.8.0_66/bin/server;C:/Program Files/Java/jre1.8.0_66/bin;C:/Program Files/Java/jre1.8.0_66/lib/amd64;D:\99Program\Oracle\product\11.2.0\dbhome_1\bin;C:\ProgramData\Oracle\Java\javapath;C:\Program Files (x86)\Intel\iCLS Client\;C:\Program Files\Intel\iCLS Client\;C:\Windows\system32;C:\Windows;C:\Windows\System32\Wbem;C:\Windows\System32\WindowsPowerShell\v1.0\;C:\Program Files (x86)\Intel\Intel(R) Management Engine Components\DAL;C:\Program Files\Intel\Intel(R) Management Engine Components\DAL;C:\Program Files (x86)\Intel\Intel(R) Management Engine Components\IPT;C:\Program Files\Intel\Intel(R) Management Engine Components\IPT;D:\99Program\Java\jdk1.8.0_65\bin; D:\99Program\Java\jdk1.8.0_65\jre\bin;D:\99Program\apache-tomcat\bin;D:\99Program\apache-maven\bin;D:\99Program\Git\cmd;D:\99Program\eclipse;
USERNAME=AppleShow
OS=Windows_NT
PROCESSOR_IDENTIFIER=Intel64 Family 6 Model 78 Stepping 3, GenuineIntel



---------------  S Y S T E M  ---------------

OS: Windows 10.0 , 64 bit Build 10240 (10.0.10240.16384)

CPU:total 4 (2 cores per cpu, 2 threads per core) family 6 model 78 stepping 3, cmov, cx8, fxsr, mmx, sse, sse2, sse3, ssse3, sse4.1, sse4.2, popcnt, avx, avx2, aes, clmul, erms, 3dnowpref, lzcnt, ht, tsc, tscinvbit, bmi1, bmi2, adx

Memory: 4k page, physical 8245152k(2169208k free), swap 9555872k(2699908k free)

vm_info: Java HotSpot(TM) 64-Bit Server VM (25.66-b18) for windows-amd64 JRE (1.8.0_66-b18), built on Nov  9 2015 10:51:13 by "java_re" with MS VC++ 10.0 (VS2010)

time: Wed Jun 22 23:31:31 2016
elapsed time: 458 seconds (0d 0h 7m 38s)

